0 info it worked if it ends with ok
1 verbose cli [ '/Users/todddrinkwater/.nvm/versions/node/v6.10.0/bin/node',
1 verbose cli   '/Users/todddrinkwater/.nvm/versions/node/v6.10.0/bin/npm',
1 verbose cli   'run',
1 verbose cli   'knex',
1 verbose cli   'migrate:latest' ]
2 info using npm@3.10.10
3 info using node@v6.10.0
4 verbose run-script [ 'preknex', 'knex', 'postknex' ]
5 info lifecycle signmeup-react@1.0.0~preknex: signmeup-react@1.0.0
6 silly lifecycle signmeup-react@1.0.0~preknex: no script for preknex, continuing
7 info lifecycle signmeup-react@1.0.0~knex: signmeup-react@1.0.0
8 verbose lifecycle signmeup-react@1.0.0~knex: unsafe-perm in lifecycle true
9 verbose lifecycle signmeup-react@1.0.0~knex: PATH: /Users/todddrinkwater/.nvm/versions/node/v6.10.0/lib/node_modules/npm/bin/node-gyp-bin:/Users/todddrinkwater/workspace/personal-project/signmeup-react/node_modules/.bin:/Users/todddrinkwater/.nvm/versions/node/v6.10.0/bin:/usr/local/bin:/usr/bin:/bin:/usr/sbin:/sbin
10 verbose lifecycle signmeup-react@1.0.0~knex: CWD: /Users/todddrinkwater/workspace/personal-project/signmeup-react
11 silly lifecycle signmeup-react@1.0.0~knex: Args: [ '-c', 'knex "migrate:latest"' ]
12 silly lifecycle signmeup-react@1.0.0~knex: Returned: code: 1  signal: null
13 info lifecycle signmeup-react@1.0.0~knex: Failed to exec knex script
14 verbose stack Error: signmeup-react@1.0.0 knex: `knex "migrate:latest"`
14 verbose stack Exit status 1
14 verbose stack     at EventEmitter.<anonymous> (/Users/todddrinkwater/.nvm/versions/node/v6.10.0/lib/node_modules/npm/lib/utils/lifecycle.js:255:16)
14 verbose stack     at emitTwo (events.js:106:13)
14 verbose stack     at EventEmitter.emit (events.js:191:7)
14 verbose stack     at ChildProcess.<anonymous> (/Users/todddrinkwater/.nvm/versions/node/v6.10.0/lib/node_modules/npm/lib/utils/spawn.js:40:14)
14 verbose stack     at emitTwo (events.js:106:13)
14 verbose stack     at ChildProcess.emit (events.js:191:7)
14 verbose stack     at maybeClose (internal/child_process.js:877:16)
14 verbose stack     at Process.ChildProcess._handle.onexit (internal/child_process.js:226:5)
15 verbose pkgid signmeup-react@1.0.0
16 verbose cwd /Users/todddrinkwater/workspace/personal-project/signmeup-react/server
17 error Darwin 16.4.0
18 error argv "/Users/todddrinkwater/.nvm/versions/node/v6.10.0/bin/node" "/Users/todddrinkwater/.nvm/versions/node/v6.10.0/bin/npm" "run" "knex" "migrate:latest"
19 error node v6.10.0
20 error npm  v3.10.10
21 error code ELIFECYCLE
22 error signmeup-react@1.0.0 knex: `knex "migrate:latest"`
22 error Exit status 1
23 error Failed at the signmeup-react@1.0.0 knex script 'knex "migrate:latest"'.
23 error Make sure you have the latest version of node.js and npm installed.
23 error If you do, this is most likely a problem with the signmeup-react package,
23 error not with npm itself.
23 error Tell the author that this fails on your system:
23 error     knex "migrate:latest"
23 error You can get information on how to open an issue for this project with:
23 error     npm bugs signmeup-react
23 error Or if that isn't available, you can get their info via:
23 error     npm owner ls signmeup-react
23 error There is likely additional logging output above.
24 verbose exit [ 1, true ]
